
The following have been reloaded with a version change:
  1) .py-python-dateutil/2.8.2-ftuhjdx => .py-python-dateutil/2.8.2-deticwy
  2) .py-six/1.16.0-zaw75xk => .py-six/1.16.0-tmkol7d
  3) py-numpy/1.26.1 => py-numpy/1.24.4

    RT Treatment Days  ...   List of Times to Reach Minimum Tumour Cell Count
0                [10]  ...  [10.0, 10.0, 10.3, 10.5, 10.05, 10.60000000000...
1                [10]  ...  [13.65, 10.0, 10.0, 10.0, 11.65, 10.0, 10.0, 1...
2                [10]  ...  [10.05, 10.0, 10.0, 10.05, 11.450000000000001,...
3                [10]  ...  [11.55, 10.0, 10.0, 10.200000000000001, 13.4, ...
4                [10]  ...  [10.05, 10.0, 10.0, 10.25, 10.05, 10.05, 10.0,...
..                ...  ...                                                ...
436              [30]  ...  [30.0, 0.0, 0.0, 30.0, 30.0, 0.0, 0.0, 30.0, 3...
437              [30]  ...  [30.0, 0.0, 0.0, 30.0, 30.0, 0.0, 0.0, 30.0, 3...
438              [30]  ...  [30.0, 0.0, 0.0, 30.0, 30.0, 0.0, 0.0, 30.0, 3...
439              [30]  ...  [30.0, 0.0, 0.0, 30.0, 30.0, 0.0, 0.0, 30.0, 3...
440              [30]  ...  [30.0, 0.0, 0.0, 30.0, 30.0, 0.0, 0.0, 30.0, 3...

[441 rows x 10 columns]
TIME TAKEN 60909.960095882416
    RT Treatment Days  ...   List of Times to Reach Minimum Tumour Cell Count
0                [10]  ...  [10.0, 10.0, 10.350000000000001, 10.3500000000...
1                [10]  ...  [10.05, 10.0, 10.0, 10.15, 10.05, 10.05, 10.0,...
2                [10]  ...  [10.25, 10.0, 10.0, 10.25, 14.950000000000001,...
3                [10]  ...  [10.05, 10.0, 10.0, 10.0, 10.05, 10.0, 10.0, 1...
4                [10]  ...  [10.05, 10.0, 10.0, 10.05, 10.05, 10.3, 10.0, ...
..                ...  ...                                                ...
436              [30]  ...  [30.0, 0.0, 0.0, 30.0, 30.0, 0.0, 0.0, 30.0, 3...
437              [30]  ...  [30.0, 0.0, 0.0, 30.0, 30.0, 0.0, 0.0, 30.0, 3...
438              [30]  ...  [30.0, 0.0, 0.0, 30.0, 30.0, 0.0, 0.0, 30.0, 3...
439              [30]  ...  [30.0, 0.0, 0.0, 30.0, 30.0, 0.0, 0.0, 30.0, 3...
440              [30]  ...  [30.0, 0.0, 0.0, 30.0, 30.0, 0.0, 0.0, 30.0, 3...

[441 rows x 10 columns]
TIME TAKEN 61049.15997648239
    RT Treatment Days  ...   List of Times to Reach Minimum Tumour Cell Count
0                [10]  ...  [12.850000000000001, 10.0, 10.350000000000001,...
1                [10]  ...  [13.450000000000001, 10.0, 10.0, 10.4500000000...
2                [10]  ...  [13.4, 10.0, 10.0, 10.75, 10.05, 10.05, 10.0, ...
3                [10]  ...  [11.3, 10.0, 10.0, 10.0, 10.05, 10.10000000000...
4                [10]  ...  [10.600000000000001, 10.0, 10.0, 10.05, 10.05,...
..                ...  ...                                                ...
436              [30]  ...  [30.0, 0.0, 0.0, 30.0, 30.0, 0.0, 0.0, 30.0, 3...
437              [30]  ...  [30.0, 0.0, 0.0, 30.0, 30.0, 0.0, 0.0, 30.0, 3...
438              [30]  ...  [30.0, 0.0, 0.0, 30.0, 30.0, 0.0, 0.0, 30.0, 3...
439              [30]  ...  [30.0, 0.0, 0.0, 30.0, 30.0, 0.0, 0.0, 30.0, 3...
440              [30]  ...  [30.0, 0.0, 0.0, 30.0, 30.0, 0.0, 0.0, 30.0, 3...

[441 rows x 10 columns]
TIME TAKEN 61099.841235637665
    RT Treatment Days  ...   List of Times to Reach Minimum Tumour Cell Count
0                [10]  ...  [10.450000000000001, 10.0, 10.450000000000001,...
1                [10]  ...  [11.65, 10.0, 10.0, 10.05, 12.9, 10.0, 10.0, 1...
2                [10]  ...  [10.05, 10.0, 10.0, 10.15, 10.450000000000001,...
3                [10]  ...  [10.05, 10.0, 10.0, 10.05, 10.05, 10.100000000...
4                [10]  ...  [10.05, 10.0, 10.0, 10.0, 10.3, 10.0, 10.0, 10...
..                ...  ...                                                ...
436              [30]  ...  [30.0, 0.0, 0.0, 30.0, 30.0, 0.0, 0.0, 30.0, 3...
437              [30]  ...  [30.0, 0.0, 0.0, 30.0, 30.0, 0.0, 0.0, 30.0, 3...
438              [30]  ...  [30.0, 0.0, 0.0, 30.0, 30.0, 0.0, 0.0, 30.0, 3...
439              [30]  ...  [30.0, 0.0, 0.0, 30.0, 30.0, 0.0, 0.0, 30.0, 3...
440              [30]  ...  [30.0, 0.0, 0.0, 30.0, 30.0, 0.0, 0.0, 30.0, 3...

[441 rows x 10 columns]
TIME TAKEN 61112.7002556324
    RT Treatment Days  ...   List of Times to Reach Minimum Tumour Cell Count
0                [10]  ...  [10.0, 10.0, 10.4, 10.350000000000001, 10.75, ...
1                [10]  ...  [11.05, 10.0, 10.0, 10.05, 10.05, 10.4, 10.0, ...
2                [10]  ...  [10.05, 10.0, 10.0, 10.25, 10.100000000000001,...
3                [10]  ...  [19.0, 10.0, 10.0, 10.600000000000001, 13.3, 1...
4                [10]  ...  [16.75, 10.0, 10.0, 10.5, 10.05, 10.2000000000...
..                ...  ...                                                ...
436              [30]  ...  [30.0, 0.0, 0.0, 30.0, 30.0, 0.0, 0.0, 30.0, 3...
437              [30]  ...  [30.0, 0.0, 0.0, 30.0, 30.0, 0.0, 0.0, 30.0, 3...
438              [30]  ...  [30.0, 0.0, 0.0, 30.0, 30.0, 0.0, 0.0, 30.0, 3...
439              [30]  ...  [30.0, 0.0, 0.0, 30.0, 30.0, 0.0, 0.0, 30.0, 3...
440              [30]  ...  [30.0, 0.0, 0.0, 30.0, 30.0, 0.0, 0.0, 30.0, 3...

[441 rows x 10 columns]
TIME TAKEN 61116.45319747925
    RT Treatment Days  ...   List of Times to Reach Minimum Tumour Cell Count
0                [10]  ...  [10.700000000000001, 10.0, 10.3, 10.55, 11.850...
1                [10]  ...  [10.05, 10.0, 10.0, 10.700000000000001, 10.100...
2                [10]  ...  [18.5, 10.0, 10.0, 10.200000000000001, 10.05, ...
3                [10]  ...  [10.05, 10.0, 10.0, 10.65, 10.850000000000001,...
4                [10]  ...  [10.8, 10.0, 10.0, 10.05, 10.05, 10.05, 10.0, ...
..                ...  ...                                                ...
436              [30]  ...  [30.0, 0.0, 0.0, 30.0, 30.0, 0.0, 0.0, 30.0, 3...
437              [30]  ...  [30.0, 0.0, 0.0, 30.0, 30.0, 0.0, 0.0, 30.0, 3...
438              [30]  ...  [30.0, 0.0, 0.0, 30.0, 30.0, 0.0, 0.0, 30.0, 3...
439              [30]  ...  [30.0, 0.0, 0.0, 30.0, 30.0, 0.0, 0.0, 30.0, 3...
440              [30]  ...  [30.0, 0.0, 0.0, 30.0, 30.0, 0.0, 0.0, 30.0, 3...

[441 rows x 10 columns]
TIME TAKEN 61132.07391452789
    RT Treatment Days  ...   List of Times to Reach Minimum Tumour Cell Count
0                [10]  ...  [10.55, 10.0, 10.450000000000001, 10.4, 10.05,...
1                [10]  ...  [11.700000000000001, 10.0, 10.0, 10.1000000000...
2                [10]  ...  [14.200000000000001, 10.0, 10.0, 10.25, 12.950...
3                [10]  ...  [10.05, 10.0, 10.0, 10.05, 10.05, 10.0, 10.0, ...
4                [10]  ...  [10.05, 10.0, 10.0, 10.100000000000001, 10.05,...
..                ...  ...                                                ...
436              [30]  ...  [30.0, 0.0, 0.0, 30.0, 30.0, 0.0, 0.0, 30.0, 3...
437              [30]  ...  [30.0, 0.0, 0.0, 30.0, 30.0, 0.0, 0.0, 30.0, 3...
438              [30]  ...  [30.0, 0.0, 0.0, 30.0, 30.0, 0.0, 0.0, 30.0, 3...
439              [30]  ...  [30.0, 0.0, 0.0, 30.0, 30.0, 0.0, 0.0, 30.0, 3...
440              [30]  ...  [30.0, 0.0, 0.0, 30.0, 30.0, 0.0, 0.0, 30.0, 3...

[441 rows x 10 columns]
TIME TAKEN 61133.298048496246
    RT Treatment Days  ...   List of Times to Reach Minimum Tumour Cell Count
0                [10]  ...  [18.650000000000002, 10.0, 10.3, 10.4, 10.4500...
1                [10]  ...  [11.100000000000001, 10.0, 10.0, 10.05, 13.950...
2                [10]  ...  [10.950000000000001, 10.0, 10.0, 10.05, 10.05,...
3                [10]  ...  [10.8, 10.0, 10.0, 10.450000000000001, 10.05, ...
4                [10]  ...  [10.15, 10.0, 10.0, 10.05, 12.5, 10.3, 10.0, 1...
..                ...  ...                                                ...
436              [30]  ...  [30.0, 0.0, 0.0, 30.0, 30.0, 0.0, 0.0, 30.0, 3...
437              [30]  ...  [30.0, 0.0, 0.0, 30.0, 30.0, 0.0, 0.0, 30.0, 3...
438              [30]  ...  [30.0, 0.0, 0.0, 30.0, 30.0, 0.0, 0.0, 30.0, 3...
439              [30]  ...  [30.0, 0.0, 0.0, 30.0, 30.0, 0.0, 0.0, 30.0, 3...
440              [30]  ...  [30.0, 0.0, 0.0, 30.0, 30.0, 0.0, 0.0, 30.0, 3...

[441 rows x 10 columns]
TIME TAKEN 61148.2805917263
    RT Treatment Days  ...   List of Times to Reach Minimum Tumour Cell Count
0                [10]  ...  [15.950000000000001, 10.0, 10.350000000000001,...
1                [10]  ...  [14.75, 10.0, 10.0, 10.4, 13.25, 10.0, 10.0, 1...
2                [10]  ...  [17.400000000000002, 10.0, 10.0, 10.15, 10.9, ...
3                [10]  ...  [10.05, 10.0, 10.0, 10.0, 10.05, 10.2000000000...
4                [10]  ...  [10.05, 10.0, 10.0, 10.5, 11.350000000000001, ...
..                ...  ...                                                ...
436              [30]  ...  [30.0, 0.0, 0.0, 30.0, 30.0, 0.0, 0.0, 30.0, 3...
437              [30]  ...  [30.0, 0.0, 0.0, 30.0, 30.0, 0.0, 0.0, 30.0, 3...
438              [30]  ...  [30.0, 0.0, 0.0, 30.0, 30.0, 0.0, 0.0, 30.0, 3...
439              [30]  ...  [30.0, 0.0, 0.0, 30.0, 30.0, 0.0, 0.0, 30.0, 3...
440              [30]  ...  [30.0, 0.0, 0.0, 30.0, 30.0, 0.0, 0.0, 30.0, 3...

[441 rows x 10 columns]
TIME TAKEN 61150.26138615608
    RT Treatment Days  ...   List of Times to Reach Minimum Tumour Cell Count
0                [10]  ...  [11.75, 10.0, 10.4, 10.350000000000001, 10.200...
1                [10]  ...  [14.200000000000001, 10.0, 10.0, 10.5, 14.15, ...
2                [10]  ...  [10.8, 10.0, 10.0, 10.0, 11.4, 10.05, 10.0, 12...
3                [10]  ...  [10.05, 10.0, 10.0, 10.05, 10.100000000000001,...
4                [10]  ...  [10.05, 10.0, 10.0, 10.200000000000001, 10.05,...
..                ...  ...                                                ...
436              [30]  ...  [30.0, 0.0, 0.0, 30.0, 30.0, 0.0, 0.0, 30.0, 3...
437              [30]  ...  [30.0, 0.0, 0.0, 30.0, 30.0, 0.0, 0.0, 30.0, 3...
438              [30]  ...  [30.0, 0.0, 0.0, 30.0, 30.0, 0.0, 0.0, 30.0, 3...
439              [30]  ...  [30.0, 0.0, 0.0, 30.0, 30.0, 0.0, 0.0, 30.0, 3...
440              [30]  ...  [30.0, 0.0, 0.0, 30.0, 30.0, 0.0, 0.0, 30.0, 3...

[441 rows x 10 columns]
TIME TAKEN 61163.53701758385
    RT Treatment Days  ...   List of Times to Reach Minimum Tumour Cell Count
0                [10]  ...  [10.600000000000001, 10.0, 10.450000000000001,...
1                [10]  ...  [10.05, 10.0, 10.0, 10.05, 10.05, 10.200000000...
2                [10]  ...  [10.05, 10.0, 10.0, 10.5, 10.05, 10.0, 10.0, 1...
3                [10]  ...  [11.55, 10.0, 10.0, 10.15, 12.25, 10.350000000...
4                [10]  ...  [10.05, 10.0, 10.0, 10.15, 10.05, 10.0, 10.0, ...
..                ...  ...                                                ...
436              [30]  ...  [30.0, 0.0, 0.0, 30.0, 30.0, 0.0, 0.0, 30.0, 3...
437              [30]  ...  [30.0, 0.0, 0.0, 30.0, 30.0, 0.0, 0.0, 30.0, 3...
438              [30]  ...  [30.0, 0.0, 0.0, 30.0, 30.0, 0.0, 0.0, 30.0, 3...
439              [30]  ...  [30.0, 0.0, 0.0, 30.0, 30.0, 0.0, 0.0, 30.0, 3...
440              [30]  ...  [30.0, 0.0, 0.0, 30.0, 30.0, 0.0, 0.0, 30.0, 3...

[441 rows x 10 columns]
TIME TAKEN 61164.07588624954
    RT Treatment Days  ...   List of Times to Reach Minimum Tumour Cell Count
0                [10]  ...  [11.600000000000001, 10.0, 10.3, 10.3, 10.05, ...
1                [10]  ...  [11.600000000000001, 10.0, 10.0, 10.55, 10.05,...
2                [10]  ...  [14.3, 10.0, 10.0, 10.55, 10.05, 10.1000000000...
3                [10]  ...  [10.65, 10.0, 10.0, 10.3, 10.05, 10.2000000000...
4                [10]  ...  [11.5, 10.0, 10.0, 10.700000000000001, 10.1000...
..                ...  ...                                                ...
436              [30]  ...  [30.0, 0.0, 0.0, 30.0, 30.0, 0.0, 0.0, 30.0, 3...
437              [30]  ...  [30.0, 0.0, 0.0, 30.0, 30.0, 0.0, 0.0, 30.0, 3...
438              [30]  ...  [30.0, 0.0, 0.0, 30.0, 30.0, 0.0, 0.0, 30.0, 3...
439              [30]  ...  [30.0, 0.0, 0.0, 30.0, 30.0, 0.0, 0.0, 30.0, 3...
440              [30]  ...  [30.0, 0.0, 0.0, 30.0, 30.0, 0.0, 0.0, 30.0, 3...

[441 rows x 10 columns]
TIME TAKEN 61166.97935461998
    RT Treatment Days  ...   List of Times to Reach Minimum Tumour Cell Count
0                [10]  ...  [10.9, 10.0, 10.3, 10.4, 10.4, 10.350000000000...
1                [10]  ...  [11.9, 10.0, 10.0, 10.05, 11.950000000000001, ...
2                [10]  ...  [10.75, 10.0, 10.0, 10.450000000000001, 10.05,...
3                [10]  ...  [11.100000000000001, 10.0, 10.0, 10.4, 10.1000...
4                [10]  ...  [20.950000000000003, 10.0, 10.0, 10.25, 10.05,...
..                ...  ...                                                ...
436              [30]  ...  [30.0, 0.0, 0.0, 30.0, 30.0, 0.0, 0.0, 30.0, 3...
437              [30]  ...  [30.0, 0.0, 0.0, 30.0, 30.0, 0.0, 0.0, 30.0, 3...
438              [30]  ...  [30.0, 0.0, 0.0, 30.0, 30.0, 0.0, 0.0, 30.0, 3...
439              [30]  ...  [30.0, 0.0, 0.0, 30.0, 30.0, 0.0, 0.0, 30.0, 3...
440              [30]  ...  [30.0, 0.0, 0.0, 30.0, 30.0, 0.0, 0.0, 30.0, 3...

[441 rows x 10 columns]
TIME TAKEN 61234.16042304039
    RT Treatment Days  ...   List of Times to Reach Minimum Tumour Cell Count
0                [10]  ...  [10.0, 10.0, 10.4, 10.25, 10.05, 10.5, 10.2000...
1                [10]  ...  [10.05, 10.0, 10.0, 10.100000000000001, 10.05,...
2                [10]  ...  [15.05, 10.0, 10.0, 10.350000000000001, 10.05,...
3                [10]  ...  [10.05, 10.0, 10.0, 10.25, 10.75, 10.200000000...
4                [10]  ...  [10.75, 10.0, 10.0, 10.4, 10.05, 10.05, 10.0, ...
..                ...  ...                                                ...
436              [30]  ...  [30.0, 0.0, 0.0, 30.0, 30.0, 0.0, 0.0, 30.0, 3...
437              [30]  ...  [30.0, 0.0, 0.0, 30.0, 30.0, 0.0, 0.0, 30.0, 3...
438              [30]  ...  [30.0, 0.0, 0.0, 30.0, 30.0, 0.0, 0.0, 30.0, 3...
439              [30]  ...  [30.0, 0.0, 0.0, 30.0, 30.0, 0.0, 0.0, 30.0, 3...
440              [30]  ...  [30.0, 0.0, 0.0, 30.0, 30.0, 0.0, 0.0, 30.0, 3...

[441 rows x 10 columns]
TIME TAKEN 61241.61120033264
    RT Treatment Days  ...   List of Times to Reach Minimum Tumour Cell Count
0                [10]  ...  [16.6, 10.0, 10.350000000000001, 10.65, 10.05,...
1                [10]  ...  [10.05, 10.0, 10.0, 10.05, 12.450000000000001,...
2                [10]  ...  [10.05, 10.0, 10.0, 10.0, 10.05, 10.05, 10.0, ...
3                [10]  ...  [10.100000000000001, 10.0, 10.0, 10.15, 10.350...
4                [10]  ...  [10.25, 10.0, 10.0, 10.0, 10.05, 10.0, 10.0, 1...
..                ...  ...                                                ...
436              [30]  ...  [30.0, 0.0, 0.0, 30.0, 30.0, 0.0, 0.0, 30.0, 3...
437              [30]  ...  [30.0, 0.0, 0.0, 30.0, 30.0, 0.0, 0.0, 30.0, 3...
438              [30]  ...  [30.0, 0.0, 0.0, 30.0, 30.0, 0.0, 0.0, 30.0, 3...
439              [30]  ...  [30.0, 0.0, 0.0, 30.0, 30.0, 0.0, 0.0, 30.0, 3...
440              [30]  ...  [30.0, 0.0, 0.0, 30.0, 30.0, 0.0, 0.0, 30.0, 3...

[441 rows x 10 columns]
TIME TAKEN 61302.45470428467
    RT Treatment Days  ...   List of Times to Reach Minimum Tumour Cell Count
0                [10]  ...  [13.4, 10.0, 10.4, 10.4, 11.5, 10.350000000000...
1                [10]  ...  [10.05, 10.0, 10.0, 10.4, 10.05, 10.0, 10.0, 1...
2                [10]  ...  [10.4, 10.0, 10.0, 10.100000000000001, 10.05, ...
3                [10]  ...  [10.05, 10.0, 10.0, 10.0, 10.05, 10.3, 10.0, 1...
4                [10]  ...  [10.05, 10.0, 10.0, 10.05, 10.05, 10.15, 10.0,...
..                ...  ...                                                ...
436              [30]  ...  [30.0, 0.0, 0.0, 30.0, 30.0, 0.0, 0.0, 30.0, 3...
437              [30]  ...  [30.0, 0.0, 0.0, 30.0, 30.0, 0.0, 0.0, 30.0, 3...
438              [30]  ...  [30.0, 0.0, 0.0, 30.0, 30.0, 0.0, 0.0, 30.0, 3...
439              [30]  ...  [30.0, 0.0, 0.0, 30.0, 30.0, 0.0, 0.0, 30.0, 3...
440              [30]  ...  [30.0, 0.0, 0.0, 30.0, 30.0, 0.0, 0.0, 30.0, 3...

[441 rows x 10 columns]
TIME TAKEN 61312.606827020645
    RT Treatment Days  ...   List of Times to Reach Minimum Tumour Cell Count
0                [10]  ...  [10.15, 10.0, 10.4, 10.600000000000001, 10.05,...
1                [10]  ...  [21.1, 10.0, 10.0, 10.0, 12.0, 10.0, 10.0, 10....
2                [10]  ...  [12.950000000000001, 10.0, 10.0, 10.8500000000...
3                [10]  ...  [12.3, 10.0, 10.0, 10.05, 10.05, 10.2000000000...
4                [10]  ...  [10.05, 10.0, 10.0, 10.15, 10.05, 10.200000000...
..                ...  ...                                                ...
436              [30]  ...  [30.0, 0.0, 0.0, 30.0, 30.0, 0.0, 0.0, 30.0, 3...
437              [30]  ...  [30.0, 0.0, 0.0, 30.0, 30.0, 0.0, 0.0, 30.0, 3...
438              [30]  ...  [30.0, 0.0, 0.0, 30.0, 30.0, 0.0, 0.0, 30.0, 3...
439              [30]  ...  [30.0, 0.0, 0.0, 30.0, 30.0, 0.0, 0.0, 30.0, 3...
440              [30]  ...  [30.0, 0.0, 0.0, 30.0, 30.0, 0.0, 0.0, 30.0, 3...

[441 rows x 10 columns]
TIME TAKEN 61361.49431467056
    RT Treatment Days  ...   List of Times to Reach Minimum Tumour Cell Count
0                [10]  ...  [11.75, 10.0, 10.4, 10.75, 10.3, 10.3, 10.15, ...
1                [10]  ...  [18.5, 10.0, 10.0, 10.25, 10.05, 10.0, 10.0, 1...
2                [10]  ...  [14.100000000000001, 10.0, 10.0, 10.05, 12.3, ...
3                [10]  ...  [16.95, 10.0, 10.0, 10.600000000000001, 10.05,...
4                [10]  ...  [10.05, 10.0, 10.0, 10.100000000000001, 10.05,...
..                ...  ...                                                ...
436              [30]  ...  [30.0, 0.0, 0.0, 30.0, 30.0, 0.0, 0.0, 30.0, 3...
437              [30]  ...  [30.0, 0.0, 0.0, 30.0, 30.0, 0.0, 0.0, 30.0, 3...
438              [30]  ...  [30.0, 0.0, 0.0, 30.0, 30.0, 0.0, 0.0, 30.0, 3...
439              [30]  ...  [30.0, 0.0, 0.0, 30.0, 30.0, 0.0, 0.0, 30.0, 3...
440              [30]  ...  [30.0, 0.0, 0.0, 30.0, 30.0, 0.0, 0.0, 30.0, 3...

[441 rows x 10 columns]
TIME TAKEN 61365.820746183395
    RT Treatment Days  ...   List of Times to Reach Minimum Tumour Cell Count
0                [10]  ...  [10.0, 10.0, 10.4, 10.15, 11.3, 10.60000000000...
1                [10]  ...  [15.350000000000001, 10.0, 10.0, 10.4, 11.5, 1...
2                [10]  ...  [10.05, 10.0, 10.0, 10.05, 10.05, 10.15, 10.0,...
3                [10]  ...  [10.05, 10.0, 10.0, 10.0, 10.05, 10.3, 10.0, 1...
4                [10]  ...  [10.05, 10.0, 10.0, 10.05, 10.05, 10.25, 10.0,...
..                ...  ...                                                ...
436              [30]  ...  [30.0, 0.0, 0.0, 30.0, 30.0, 0.0, 0.0, 30.0, 3...
437              [30]  ...  [30.0, 0.0, 0.0, 30.0, 30.0, 0.0, 0.0, 30.0, 3...
438              [30]  ...  [30.0, 0.0, 0.0, 30.0, 30.0, 0.0, 0.0, 30.0, 3...
439              [30]  ...  [30.0, 0.0, 0.0, 30.0, 30.0, 0.0, 0.0, 30.0, 3...
440              [30]  ...  [30.0, 0.0, 0.0, 30.0, 30.0, 0.0, 0.0, 30.0, 3...

[441 rows x 10 columns]
TIME TAKEN 61383.95257687569
    RT Treatment Days  ...   List of Times to Reach Minimum Tumour Cell Count
0                [10]  ...  [10.05, 10.0, 10.350000000000001, 10.25, 27.25...
1                [10]  ...  [20.05, 10.0, 10.0, 10.25, 10.05, 10.0, 10.0, ...
2                [10]  ...  [10.850000000000001, 10.0, 10.0, 10.05, 12.5, ...
3                [10]  ...  [10.05, 10.0, 10.0, 10.4, 10.05, 10.0, 10.0, 1...
4                [10]  ...  [11.9, 10.0, 10.0, 10.0, 10.05, 10.20000000000...
..                ...  ...                                                ...
436              [30]  ...  [30.0, 0.0, 0.0, 30.0, 30.0, 0.0, 0.0, 30.0, 3...
437              [30]  ...  [30.0, 0.0, 0.0, 30.0, 30.0, 0.0, 0.0, 30.0, 3...
438              [30]  ...  [30.0, 0.0, 0.0, 30.0, 30.0, 0.0, 0.0, 30.0, 3...
439              [30]  ...  [30.0, 0.0, 0.0, 30.0, 30.0, 0.0, 0.0, 30.0, 3...
440              [30]  ...  [30.0, 0.0, 0.0, 30.0, 30.0, 0.0, 0.0, 30.0, 3...

[441 rows x 10 columns]
TIME TAKEN 61388.17246675491
    RT Treatment Days  ...   List of Times to Reach Minimum Tumour Cell Count
0                [10]  ...  [10.0, 10.0, 10.4, 10.15, 10.05, 10.3500000000...
1                [10]  ...  [10.05, 10.0, 10.0, 10.05, 11.100000000000001,...
2                [10]  ...  [13.15, 10.0, 10.0, 10.05, 10.15, 10.350000000...
3                [10]  ...  [10.3, 10.0, 10.0, 10.3, 10.05, 10.15, 10.0, 1...
4                [10]  ...  [10.700000000000001, 10.0, 10.0, 10.05, 10.0, ...
..                ...  ...                                                ...
436              [30]  ...  [30.0, 0.0, 0.0, 30.0, 30.0, 0.0, 0.0, 30.0, 3...
437              [30]  ...  [30.0, 0.0, 0.0, 30.0, 30.0, 0.0, 0.0, 30.0, 3...
438              [30]  ...  [30.0, 0.0, 0.0, 30.0, 30.0, 0.0, 0.0, 30.0, 3...
439              [30]  ...  [30.0, 0.0, 0.0, 30.0, 30.0, 0.0, 0.0, 30.0, 3...
440              [30]  ...  [30.0, 0.0, 0.0, 30.0, 30.0, 0.0, 0.0, 30.0, 3...

[441 rows x 10 columns]
TIME TAKEN 61404.43219709396
    RT Treatment Days  ...   List of Times to Reach Minimum Tumour Cell Count
0                [10]  ...  [22.55, 10.0, 10.4, 10.4, 10.05, 10.25, 10.100...
1                [10]  ...  [31.1, 10.0, 10.0, 10.0, 13.05, 10.20000000000...
2                [10]  ...  [12.200000000000001, 10.0, 10.0, 10.1000000000...
3                [10]  ...  [11.05, 10.0, 10.0, 10.05, 11.25, 10.200000000...
4                [10]  ...  [10.05, 10.0, 10.0, 10.0, 10.05, 10.0, 10.0, 1...
..                ...  ...                                                ...
436              [30]  ...  [30.0, 0.0, 0.0, 30.0, 30.0, 0.0, 0.0, 30.0, 3...
437              [30]  ...  [30.0, 0.0, 0.0, 30.0, 30.0, 0.0, 0.0, 30.0, 3...
438              [30]  ...  [30.0, 0.0, 0.0, 30.0, 30.0, 0.0, 0.0, 30.0, 3...
439              [30]  ...  [30.0, 0.0, 0.0, 30.0, 30.0, 0.0, 0.0, 30.0, 3...
440              [30]  ...  [30.0, 0.0, 0.0, 30.0, 30.0, 0.0, 0.0, 30.0, 3...

[441 rows x 10 columns]
TIME TAKEN 61512.114485025406
    RT Treatment Days  ...   List of Times to Reach Minimum Tumour Cell Count
0                [10]  ...  [10.0, 10.0, 10.350000000000001, 10.4500000000...
1                [10]  ...  [11.950000000000001, 10.0, 10.0, 10.4500000000...
2                [10]  ...  [11.55, 10.0, 10.0, 10.25, 10.05, 10.0, 10.0, ...
3                [10]  ...  [12.450000000000001, 10.0, 10.0, 10.3500000000...
4                [10]  ...  [11.100000000000001, 10.0, 10.0, 10.05, 10.05,...
..                ...  ...                                                ...
436              [30]  ...  [30.0, 0.0, 0.0, 30.0, 30.0, 0.0, 0.0, 30.0, 3...
437              [30]  ...  [30.0, 0.0, 0.0, 30.0, 30.0, 0.0, 0.0, 30.0, 3...
438              [30]  ...  [30.0, 0.0, 0.0, 30.0, 30.0, 0.0, 0.0, 30.0, 3...
439              [30]  ...  [30.0, 0.0, 0.0, 30.0, 30.0, 0.0, 0.0, 30.0, 3...
440              [30]  ...  [30.0, 0.0, 0.0, 30.0, 30.0, 0.0, 0.0, 30.0, 3...

[441 rows x 10 columns]
TIME TAKEN 61565.450613975525
    RT Treatment Days  ...   List of Times to Reach Minimum Tumour Cell Count
0                [10]  ...  [10.8, 10.0, 10.4, 10.450000000000001, 13.2000...
1                [10]  ...  [10.950000000000001, 10.0, 10.0, 10.05, 12.0, ...
2                [10]  ...  [10.05, 10.0, 10.0, 10.100000000000001, 10.05,...
3                [10]  ...  [10.65, 10.0, 10.0, 10.55, 10.05, 10.0, 10.0, ...
4                [10]  ...  [10.05, 10.0, 10.0, 10.5, 10.05, 10.0, 10.0, 1...
..                ...  ...                                                ...
436              [30]  ...  [30.0, 0.0, 0.0, 30.0, 30.0, 0.0, 0.0, 30.0, 3...
437              [30]  ...  [30.0, 0.0, 0.0, 30.0, 30.0, 0.0, 0.0, 30.0, 3...
438              [30]  ...  [30.0, 0.0, 0.0, 30.0, 30.0, 0.0, 0.0, 30.0, 3...
439              [30]  ...  [30.0, 0.0, 0.0, 30.0, 30.0, 0.0, 0.0, 30.0, 3...
440              [30]  ...  [30.0, 0.0, 0.0, 30.0, 30.0, 0.0, 0.0, 30.0, 3...

[441 rows x 10 columns]
TIME TAKEN 61604.0061609745
    RT Treatment Days  ...   List of Times to Reach Minimum Tumour Cell Count
0                [10]  ...  [11.700000000000001, 10.0, 10.350000000000001,...
1                [10]  ...  [10.8, 10.0, 10.0, 10.4, 13.850000000000001, 1...
2                [10]  ...  [10.05, 10.0, 10.0, 10.05, 11.100000000000001,...
3                [10]  ...  [15.850000000000001, 10.0, 10.0, 10.55, 10.05,...
4                [10]  ...  [13.4, 10.0, 10.0, 10.100000000000001, 10.1000...
..                ...  ...                                                ...
436              [30]  ...  [30.0, 0.0, 0.0, 30.0, 30.0, 0.0, 0.0, 30.0, 3...
437              [30]  ...  [30.0, 0.0, 0.0, 30.0, 30.0, 0.0, 0.0, 30.0, 3...
438              [30]  ...  [30.0, 0.0, 0.0, 30.0, 30.0, 0.0, 0.0, 30.0, 3...
439              [30]  ...  [30.0, 0.0, 0.0, 30.0, 30.0, 0.0, 0.0, 30.0, 3...
440              [30]  ...  [30.0, 0.0, 0.0, 30.0, 30.0, 0.0, 0.0, 30.0, 3...

[441 rows x 10 columns]
TIME TAKEN 61615.080550670624
    RT Treatment Days  ...   List of Times to Reach Minimum Tumour Cell Count
0                [10]  ...  [10.0, 10.0, 10.350000000000001, 10.05, 11.05,...
1                [10]  ...  [10.05, 10.0, 10.0, 10.15, 12.450000000000001,...
2                [10]  ...  [10.05, 10.0, 10.0, 10.15, 10.05, 10.200000000...
3                [10]  ...  [10.05, 10.0, 10.0, 10.350000000000001, 10.0, ...
4                [10]  ...  [14.200000000000001, 10.0, 10.0, 10.1000000000...
..                ...  ...                                                ...
436              [30]  ...  [30.0, 0.0, 0.0, 30.0, 30.0, 0.0, 0.0, 30.0, 3...
437              [30]  ...  [30.0, 0.0, 0.0, 30.0, 30.0, 0.0, 0.0, 30.0, 3...
438              [30]  ...  [30.0, 0.0, 0.0, 30.0, 30.0, 0.0, 0.0, 30.0, 3...
439              [30]  ...  [30.0, 0.0, 0.0, 30.0, 30.0, 0.0, 0.0, 30.0, 3...
440              [30]  ...  [30.0, 0.0, 0.0, 30.0, 30.0, 0.0, 0.0, 30.0, 3...

[441 rows x 10 columns]
TIME TAKEN 61619.85632610321
    RT Treatment Days  ...   List of Times to Reach Minimum Tumour Cell Count
0                [10]  ...  [13.5, 10.0, 10.350000000000001, 10.3, 10.05, ...
1                [10]  ...  [11.450000000000001, 10.0, 10.0, 10.3, 10.0, 1...
2                [10]  ...  [10.850000000000001, 10.0, 10.0, 10.05, 17.150...
3                [10]  ...  [10.05, 10.0, 10.0, 10.05, 10.05, 10.200000000...
4                [10]  ...  [14.850000000000001, 10.0, 10.0, 10.15, 10.05,...
..                ...  ...                                                ...
436              [30]  ...  [30.0, 0.0, 0.0, 30.0, 30.0, 0.0, 0.0, 30.0, 3...
437              [30]  ...  [30.0, 0.0, 0.0, 30.0, 30.0, 0.0, 0.0, 30.0, 3...
438              [30]  ...  [30.0, 0.0, 0.0, 30.0, 30.0, 0.0, 0.0, 30.0, 3...
439              [30]  ...  [30.0, 0.0, 0.0, 30.0, 30.0, 0.0, 0.0, 30.0, 3...
440              [30]  ...  [30.0, 0.0, 0.0, 30.0, 30.0, 0.0, 0.0, 30.0, 3...

[441 rows x 10 columns]
TIME TAKEN 61621.50836777687
    RT Treatment Days  ...   List of Times to Reach Minimum Tumour Cell Count
0                [10]  ...  [10.0, 10.0, 10.350000000000001, 10.4, 10.05, ...
1                [10]  ...  [10.05, 10.0, 10.0, 10.0, 12.25, 10.05, 10.0, ...
2                [10]  ...  [10.05, 10.0, 10.0, 10.15, 10.05, 10.15, 10.0,...
3                [10]  ...  [12.4, 10.0, 10.0, 10.0, 10.100000000000001, 1...
4                [10]  ...  [10.3, 10.0, 10.0, 10.4, 10.05, 10.0, 10.0, 10...
..                ...  ...                                                ...
436              [30]  ...  [30.0, 0.0, 0.0, 30.0, 30.0, 0.0, 0.0, 30.0, 3...
437              [30]  ...  [30.0, 0.0, 0.0, 30.0, 30.0, 0.0, 0.0, 30.0, 3...
438              [30]  ...  [30.0, 0.0, 0.0, 30.0, 30.0, 0.0, 0.0, 30.0, 3...
439              [30]  ...  [30.0, 0.0, 0.0, 30.0, 30.0, 0.0, 0.0, 30.0, 3...
440              [30]  ...  [30.0, 0.0, 0.0, 30.0, 30.0, 0.0, 0.0, 30.0, 3...

[441 rows x 10 columns]
TIME TAKEN 61632.797097444534
    RT Treatment Days  ...   List of Times to Reach Minimum Tumour Cell Count
0                [10]  ...  [10.0, 10.0, 10.4, 10.65, 10.600000000000001, ...
1                [10]  ...  [22.450000000000003, 10.0, 10.0, 10.15, 10.05,...
2                [10]  ...  [15.450000000000001, 10.0, 10.0, 10.6000000000...
3                [10]  ...  [10.05, 10.0, 10.0, 10.100000000000001, 12.55,...
4                [10]  ...  [10.05, 10.0, 10.0, 10.15, 10.05, 10.0, 10.0, ...
..                ...  ...                                                ...
436              [30]  ...  [30.0, 0.0, 0.0, 30.0, 30.0, 0.0, 0.0, 30.0, 3...
437              [30]  ...  [30.0, 0.0, 0.0, 30.0, 30.0, 0.0, 0.0, 30.0, 3...
438              [30]  ...  [30.0, 0.0, 0.0, 30.0, 30.0, 0.0, 0.0, 30.0, 3...
439              [30]  ...  [30.0, 0.0, 0.0, 30.0, 30.0, 0.0, 0.0, 30.0, 3...
440              [30]  ...  [30.0, 0.0, 0.0, 30.0, 30.0, 0.0, 0.0, 30.0, 3...

[441 rows x 10 columns]
TIME TAKEN 61648.850798130035
    RT Treatment Days  ...   List of Times to Reach Minimum Tumour Cell Count
0                [10]  ...  [10.0, 10.0, 10.4, 10.9, 12.4, 10.450000000000...
1                [10]  ...  [10.05, 10.0, 10.0, 10.15, 10.05, 10.15, 10.0,...
2                [10]  ...  [14.700000000000001, 10.0, 10.0, 10.2000000000...
3                [10]  ...  [10.05, 10.0, 10.0, 10.05, 10.05, 10.05, 10.0,...
4                [10]  ...  [13.15, 10.0, 10.0, 10.100000000000001, 10.05,...
..                ...  ...                                                ...
436              [30]  ...  [30.0, 0.0, 0.0, 30.0, 30.0, 0.0, 0.0, 30.0, 3...
437              [30]  ...  [30.0, 0.0, 0.0, 30.0, 30.0, 0.0, 0.0, 30.0, 3...
438              [30]  ...  [30.0, 0.0, 0.0, 30.0, 30.0, 0.0, 0.0, 30.0, 3...
439              [30]  ...  [30.0, 0.0, 0.0, 30.0, 30.0, 0.0, 0.0, 30.0, 3...
440              [30]  ...  [30.0, 0.0, 0.0, 30.0, 30.0, 0.0, 0.0, 30.0, 3...

[441 rows x 10 columns]
TIME TAKEN 61696.510487794876
    RT Treatment Days  ...   List of Times to Reach Minimum Tumour Cell Count
0                [10]  ...  [11.4, 10.0, 10.350000000000001, 10.15, 10.25,...
1                [10]  ...  [17.400000000000002, 10.0, 10.0, 10.2000000000...
2                [10]  ...  [10.05, 10.0, 10.0, 10.0, 10.05, 10.0, 10.0, 1...
3                [10]  ...  [10.05, 10.0, 10.0, 10.600000000000001, 10.850...
4                [10]  ...  [10.05, 10.0, 10.0, 10.65, 10.05, 10.0, 10.0, ...
..                ...  ...                                                ...
436              [30]  ...  [30.0, 0.0, 0.0, 30.0, 30.0, 0.0, 0.0, 30.0, 3...
437              [30]  ...  [30.0, 0.0, 0.0, 30.0, 30.0, 0.0, 0.0, 30.0, 3...
438              [30]  ...  [30.0, 0.0, 0.0, 30.0, 30.0, 0.0, 0.0, 30.0, 3...
439              [30]  ...  [30.0, 0.0, 0.0, 30.0, 30.0, 0.0, 0.0, 30.0, 3...
440              [30]  ...  [30.0, 0.0, 0.0, 30.0, 30.0, 0.0, 0.0, 30.0, 3...

[441 rows x 10 columns]
TIME TAKEN 61807.58106136322
    RT Treatment Days  ...   List of Times to Reach Minimum Tumour Cell Count
0                [10]  ...  [10.350000000000001, 10.0, 10.350000000000001,...
1                [10]  ...  [14.850000000000001, 10.0, 10.0, 11.05, 10.05,...
2                [10]  ...  [10.05, 10.0, 10.0, 10.15, 10.05, 10.05, 10.0,...
3                [10]  ...  [10.05, 10.0, 10.0, 10.05, 10.05, 10.0, 10.0, ...
4                [10]  ...  [10.05, 10.0, 10.0, 10.05, 10.950000000000001,...
..                ...  ...                                                ...
436              [30]  ...  [30.0, 0.0, 0.0, 30.0, 30.0, 0.0, 0.0, 30.0, 3...
437              [30]  ...  [30.0, 0.0, 0.0, 30.0, 30.0, 0.0, 0.0, 30.0, 3...
438              [30]  ...  [30.0, 0.0, 0.0, 30.0, 30.0, 0.0, 0.0, 30.0, 3...
439              [30]  ...  [30.0, 0.0, 0.0, 30.0, 30.0, 0.0, 0.0, 30.0, 3...
440              [30]  ...  [30.0, 0.0, 0.0, 30.0, 30.0, 0.0, 0.0, 30.0, 3...

[441 rows x 10 columns]
TIME TAKEN 61852.48758339882
    RT Treatment Days  ...   List of Times to Reach Minimum Tumour Cell Count
0                [10]  ...  [11.25, 10.0, 10.350000000000001, 10.8, 10.05,...
1                [10]  ...  [23.35, 10.0, 10.0, 10.100000000000001, 10.05,...
2                [10]  ...  [10.05, 10.0, 10.0, 10.200000000000001, 10.05,...
3                [10]  ...  [10.05, 10.0, 10.0, 10.65, 10.05, 10.0, 10.0, ...
4                [10]  ...  [10.05, 10.0, 10.0, 10.350000000000001, 12.5, ...
..                ...  ...                                                ...
436              [30]  ...  [30.0, 0.0, 0.0, 30.0, 30.0, 0.0, 0.0, 30.0, 3...
437              [30]  ...  [30.0, 0.0, 0.0, 30.0, 30.0, 0.0, 0.0, 30.0, 3...
438              [30]  ...  [30.0, 0.0, 0.0, 30.0, 30.0, 0.0, 0.0, 30.0, 3...
439              [30]  ...  [30.0, 0.0, 0.0, 30.0, 30.0, 0.0, 0.0, 30.0, 3...
440              [30]  ...  [30.0, 0.0, 0.0, 30.0, 30.0, 0.0, 0.0, 30.0, 3...

[441 rows x 10 columns]
TIME TAKEN 61876.871713638306
    RT Treatment Days  ...   List of Times to Reach Minimum Tumour Cell Count
0                [10]  ...  [11.05, 10.0, 10.4, 10.200000000000001, 10.05,...
1                [10]  ...  [13.950000000000001, 10.0, 10.0, 10.2000000000...
2                [10]  ...  [10.05, 10.0, 10.0, 10.05, 12.350000000000001,...
3                [10]  ...  [11.850000000000001, 10.0, 10.0, 10.25, 12.100...
4                [10]  ...  [10.05, 10.0, 10.0, 10.100000000000001, 11.0, ...
..                ...  ...                                                ...
436              [30]  ...  [30.0, 0.0, 0.0, 30.0, 30.0, 0.0, 0.0, 30.0, 3...
437              [30]  ...  [30.0, 0.0, 0.0, 30.0, 30.0, 0.0, 0.0, 30.0, 3...
438              [30]  ...  [30.0, 0.0, 0.0, 30.0, 30.0, 0.0, 0.0, 30.0, 3...
439              [30]  ...  [30.0, 0.0, 0.0, 30.0, 30.0, 0.0, 0.0, 30.0, 3...
440              [30]  ...  [30.0, 0.0, 0.0, 30.0, 30.0, 0.0, 0.0, 30.0, 3...

[441 rows x 10 columns]
TIME TAKEN 62122.768654584885
    RT Treatment Days  ...   List of Times to Reach Minimum Tumour Cell Count
0                [10]  ...  [10.0, 10.0, 10.350000000000001, 11.3, 10.05, ...
1                [10]  ...  [13.9, 10.0, 10.0, 11.05, 10.05, 10.3, 10.0, 1...
2                [10]  ...  [10.05, 10.0, 10.0, 10.15, 10.0, 10.2000000000...
3                [10]  ...  [11.600000000000001, 10.0, 10.0, 10.0, 10.05, ...
4                [10]  ...  [10.05, 10.0, 10.0, 10.05, 10.100000000000001,...
..                ...  ...                                                ...
436              [30]  ...  [30.0, 0.0, 0.0, 30.0, 30.0, 0.0, 0.0, 30.0, 3...
437              [30]  ...  [30.0, 0.0, 0.0, 30.0, 30.0, 0.0, 0.0, 30.0, 3...
438              [30]  ...  [30.0, 0.0, 0.0, 30.0, 30.0, 0.0, 0.0, 30.0, 3...
439              [30]  ...  [30.0, 0.0, 0.0, 30.0, 30.0, 0.0, 0.0, 30.0, 3...
440              [30]  ...  [30.0, 0.0, 0.0, 30.0, 30.0, 0.0, 0.0, 30.0, 3...

[441 rows x 10 columns]
TIME TAKEN 62179.93918442726
    RT Treatment Days  ...   List of Times to Reach Minimum Tumour Cell Count
0                [10]  ...  [10.0, 10.0, 10.350000000000001, 10.15, 12.100...
1                [10]  ...  [11.9, 10.0, 10.0, 10.15, 10.9, 10.25, 10.0, 1...
2                [10]  ...  [22.200000000000003, 10.0, 10.0, 10.4500000000...
3                [10]  ...  [10.200000000000001, 10.0, 10.0, 10.3, 11.0, 1...
4                [10]  ...  [11.25, 10.0, 10.0, 10.100000000000001, 18.6, ...
..                ...  ...                                                ...
436              [30]  ...  [30.0, 0.0, 0.0, 30.0, 30.0, 0.0, 0.0, 30.0, 3...
437              [30]  ...  [30.0, 0.0, 0.0, 30.0, 30.0, 0.0, 0.0, 30.0, 3...
438              [30]  ...  [30.0, 0.0, 0.0, 30.0, 30.0, 0.0, 0.0, 30.0, 3...
439              [30]  ...  [30.0, 0.0, 0.0, 30.0, 30.0, 0.0, 0.0, 30.0, 3...
440              [30]  ...  [30.0, 0.0, 0.0, 30.0, 30.0, 0.0, 0.0, 30.0, 3...

[441 rows x 10 columns]
TIME TAKEN 62209.123834848404
    RT Treatment Days  ...   List of Times to Reach Minimum Tumour Cell Count
0                [10]  ...  [10.0, 10.0, 10.350000000000001, 10.5, 10.05, ...
1                [10]  ...  [10.05, 10.0, 10.0, 10.100000000000001, 14.15,...
2                [10]  ...  [11.700000000000001, 10.0, 10.0, 10.2000000000...
3                [10]  ...  [10.05, 10.0, 10.0, 10.350000000000001, 10.05,...
4                [10]  ...  [10.05, 10.0, 10.0, 10.3, 10.05, 10.3500000000...
..                ...  ...                                                ...
436              [30]  ...  [30.0, 0.0, 0.0, 30.0, 30.0, 0.0, 0.0, 30.0, 3...
437              [30]  ...  [30.0, 0.0, 0.0, 30.0, 30.0, 0.0, 0.0, 30.0, 3...
438              [30]  ...  [30.0, 0.0, 0.0, 30.0, 30.0, 0.0, 0.0, 30.0, 3...
439              [30]  ...  [30.0, 0.0, 0.0, 30.0, 30.0, 0.0, 0.0, 30.0, 3...
440              [30]  ...  [30.0, 0.0, 0.0, 30.0, 30.0, 0.0, 0.0, 30.0, 3...

[441 rows x 10 columns]
TIME TAKEN 62213.83398580551
    RT Treatment Days  ...   List of Times to Reach Minimum Tumour Cell Count
0                [10]  ...  [10.05, 10.0, 10.350000000000001, 10.350000000...
1                [10]  ...  [10.950000000000001, 10.0, 10.0, 10.05, 10.8, ...
2                [10]  ...  [10.8, 10.0, 10.0, 10.0, 10.05, 10.10000000000...
3                [10]  ...  [10.05, 10.0, 10.0, 10.350000000000001, 10.05,...
4                [10]  ...  [10.05, 10.0, 10.0, 10.0, 10.05, 10.05, 10.0, ...
..                ...  ...                                                ...
436              [30]  ...  [30.0, 0.0, 0.0, 30.0, 30.0, 0.0, 0.0, 30.0, 3...
437              [30]  ...  [30.0, 0.0, 0.0, 30.0, 30.0, 0.0, 0.0, 30.0, 3...
438              [30]  ...  [30.0, 0.0, 0.0, 30.0, 30.0, 0.0, 0.0, 30.0, 3...
439              [30]  ...  [30.0, 0.0, 0.0, 30.0, 30.0, 0.0, 0.0, 30.0, 3...
440              [30]  ...  [30.0, 0.0, 0.0, 30.0, 30.0, 0.0, 0.0, 30.0, 3...

[441 rows x 10 columns]
TIME TAKEN 62225.445499658585
    RT Treatment Days  ...   List of Times to Reach Minimum Tumour Cell Count
0                [10]  ...  [17.2, 10.0, 10.3, 10.5, 10.05, 10.3, 10.15, 1...
1                [10]  ...  [18.150000000000002, 10.0, 10.0, 10.05, 12.0, ...
2                [10]  ...  [11.15, 10.0, 10.0, 10.05, 10.05, 10.200000000...
3                [10]  ...  [11.850000000000001, 10.0, 10.0, 10.1000000000...
4                [10]  ...  [10.05, 10.0, 10.0, 10.05, 10.05, 10.100000000...
..                ...  ...                                                ...
436              [30]  ...  [30.0, 0.0, 0.0, 30.0, 30.0, 0.0, 0.0, 30.0, 3...
437              [30]  ...  [30.0, 0.0, 0.0, 30.0, 30.0, 0.0, 0.0, 30.0, 3...
438              [30]  ...  [30.0, 0.0, 0.0, 30.0, 30.0, 0.0, 0.0, 30.0, 3...
439              [30]  ...  [30.0, 0.0, 0.0, 30.0, 30.0, 0.0, 0.0, 30.0, 3...
440              [30]  ...  [30.0, 0.0, 0.0, 30.0, 30.0, 0.0, 0.0, 30.0, 3...

[441 rows x 10 columns]
TIME TAKEN 62293.47910118103
    RT Treatment Days  ...   List of Times to Reach Minimum Tumour Cell Count
0                [10]  ...  [10.0, 10.0, 10.350000000000001, 10.8, 10.05, ...
1                [10]  ...  [11.450000000000001, 10.0, 10.0, 10.0, 11.8500...
2                [10]  ...  [13.55, 10.0, 10.0, 10.05, 10.05, 10.200000000...
3                [10]  ...  [10.700000000000001, 10.0, 10.0, 10.1000000000...
4                [10]  ...  [10.55, 10.0, 10.0, 10.05, 10.05, 10.25, 10.0,...
..                ...  ...                                                ...
436              [30]  ...  [30.0, 0.0, 0.0, 30.0, 30.0, 0.0, 0.0, 30.0, 3...
437              [30]  ...  [30.0, 0.0, 0.0, 30.0, 30.0, 0.0, 0.0, 30.0, 3...
438              [30]  ...  [30.0, 0.0, 0.0, 30.0, 30.0, 0.0, 0.0, 30.0, 3...
439              [30]  ...  [30.0, 0.0, 0.0, 30.0, 30.0, 0.0, 0.0, 30.0, 3...
440              [30]  ...  [30.0, 0.0, 0.0, 30.0, 30.0, 0.0, 0.0, 30.0, 3...

[441 rows x 10 columns]
TIME TAKEN 62320.59316563606
    RT Treatment Days  ...   List of Times to Reach Minimum Tumour Cell Count
0                [10]  ...  [10.5, 10.0, 10.350000000000001, 10.4, 12.0, 1...
1                [10]  ...  [12.350000000000001, 10.0, 10.0, 10.2000000000...
2                [10]  ...  [23.200000000000003, 10.0, 10.0, 10.2000000000...
3                [10]  ...  [11.3, 10.0, 10.0, 10.15, 10.15, 10.0, 10.0, 1...
4                [10]  ...  [14.8, 10.0, 10.0, 10.450000000000001, 10.3500...
..                ...  ...                                                ...
436              [30]  ...  [30.0, 0.0, 0.0, 30.0, 30.0, 0.0, 0.0, 30.0, 3...
437              [30]  ...  [30.0, 0.0, 0.0, 30.0, 30.0, 0.0, 0.0, 30.0, 3...
438              [30]  ...  [30.0, 0.0, 0.0, 30.0, 30.0, 0.0, 0.0, 30.0, 3...
439              [30]  ...  [30.0, 0.0, 0.0, 30.0, 30.0, 0.0, 0.0, 30.0, 3...
440              [30]  ...  [30.0, 0.0, 0.0, 30.0, 30.0, 0.0, 0.0, 30.0, 3...

[441 rows x 10 columns]
TIME TAKEN 62393.54529762268
    RT Treatment Days  ...   List of Times to Reach Minimum Tumour Cell Count
0                [10]  ...  [10.600000000000001, 10.0, 10.350000000000001,...
1                [10]  ...  [11.75, 10.0, 10.0, 10.05, 10.05, 10.3, 10.0, ...
2                [10]  ...  [10.05, 10.0, 10.0, 10.4, 10.05, 10.05, 10.0, ...
3                [10]  ...  [10.3, 10.0, 10.0, 10.600000000000001, 10.05, ...
4                [10]  ...  [10.65, 10.0, 10.0, 10.05, 10.0, 10.2000000000...
..                ...  ...                                                ...
436              [30]  ...  [30.0, 0.0, 0.0, 30.0, 30.0, 0.0, 0.0, 30.0, 3...
437              [30]  ...  [30.0, 0.0, 0.0, 30.0, 30.0, 0.0, 0.0, 30.0, 3...
438              [30]  ...  [30.0, 0.0, 0.0, 30.0, 30.0, 0.0, 0.0, 30.0, 3...
439              [30]  ...  [30.0, 0.0, 0.0, 30.0, 30.0, 0.0, 0.0, 30.0, 3...
440              [30]  ...  [30.0, 0.0, 0.0, 30.0, 30.0, 0.0, 0.0, 30.0, 3...

[441 rows x 10 columns]
TIME TAKEN 62422.8084859848
    RT Treatment Days  ...   List of Times to Reach Minimum Tumour Cell Count
0                [10]  ...  [11.25, 10.0, 10.3, 10.350000000000001, 18.45,...
1                [10]  ...  [17.650000000000002, 10.0, 10.0, 11.05, 11.25,...
2                [10]  ...  [10.600000000000001, 10.0, 10.0, 10.05, 10.05,...
3                [10]  ...  [10.05, 10.0, 10.0, 10.350000000000001, 10.4, ...
4                [10]  ...  [16.2, 10.0, 10.0, 10.100000000000001, 10.05, ...
..                ...  ...                                                ...
436              [30]  ...  [30.0, 0.0, 0.0, 30.0, 30.0, 0.0, 0.0, 30.0, 3...
437              [30]  ...  [30.0, 0.0, 0.0, 30.0, 30.0, 0.0, 0.0, 30.0, 3...
438              [30]  ...  [30.0, 0.0, 0.0, 30.0, 30.0, 0.0, 0.0, 30.0, 3...
439              [30]  ...  [30.0, 0.0, 0.0, 30.0, 30.0, 0.0, 0.0, 30.0, 3...
440              [30]  ...  [30.0, 0.0, 0.0, 30.0, 30.0, 0.0, 0.0, 30.0, 3...

[441 rows x 10 columns]
TIME TAKEN 62476.12106180191
    RT Treatment Days  ...   List of Times to Reach Minimum Tumour Cell Count
0                [10]  ...  [10.0, 10.0, 10.4, 10.350000000000001, 10.25, ...
1                [10]  ...  [15.25, 10.0, 10.0, 10.4, 10.600000000000001, ...
2                [10]  ...  [10.05, 10.0, 10.0, 10.05, 15.25, 10.05, 10.0,...
3                [10]  ...  [16.05, 10.0, 10.0, 10.0, 10.8, 10.3, 10.0, 10...
4                [10]  ...  [10.05, 10.0, 10.0, 10.05, 10.05, 10.100000000...
..                ...  ...                                                ...
436              [30]  ...  [30.0, 0.0, 0.0, 30.0, 30.0, 0.0, 0.0, 30.0, 3...
437              [30]  ...  [30.0, 0.0, 0.0, 30.0, 30.0, 0.0, 0.0, 30.0, 3...
438              [30]  ...  [30.0, 0.0, 0.0, 30.0, 30.0, 0.0, 0.0, 30.0, 3...
439              [30]  ...  [30.0, 0.0, 0.0, 30.0, 30.0, 0.0, 0.0, 30.0, 3...
440              [30]  ...  [30.0, 0.0, 0.0, 30.0, 30.0, 0.0, 0.0, 30.0, 3...

[441 rows x 10 columns]
TIME TAKEN 62498.52675843239
    RT Treatment Days  ...   List of Times to Reach Minimum Tumour Cell Count
0                [10]  ...  [13.850000000000001, 10.0, 10.350000000000001,...
1                [10]  ...  [11.15, 10.0, 10.0, 10.0, 11.350000000000001, ...
2                [10]  ...  [10.75, 10.0, 10.0, 10.4, 13.5, 10.20000000000...
3                [10]  ...  [11.3, 10.0, 10.0, 10.15, 10.950000000000001, ...
4                [10]  ...  [10.05, 10.0, 10.0, 10.65, 10.05, 10.200000000...
..                ...  ...                                                ...
436              [30]  ...  [30.0, 0.0, 0.0, 30.0, 30.0, 0.0, 0.0, 30.0, 3...
437              [30]  ...  [30.0, 0.0, 0.0, 30.0, 30.0, 0.0, 0.0, 30.0, 3...
438              [30]  ...  [30.0, 0.0, 0.0, 30.0, 30.0, 0.0, 0.0, 30.0, 3...
439              [30]  ...  [30.0, 0.0, 0.0, 30.0, 30.0, 0.0, 0.0, 30.0, 3...
440              [30]  ...  [30.0, 0.0, 0.0, 30.0, 30.0, 0.0, 0.0, 30.0, 3...

[441 rows x 10 columns]
TIME TAKEN 62552.40318131447
    RT Treatment Days  ...   List of Times to Reach Minimum Tumour Cell Count
0                [10]  ...  [10.0, 10.0, 10.350000000000001, 10.1000000000...
1                [10]  ...  [14.9, 10.0, 10.0, 10.5, 10.600000000000001, 1...
2                [10]  ...  [17.150000000000002, 10.0, 10.0, 10.0, 10.05, ...
3                [10]  ...  [10.05, 10.0, 10.0, 10.700000000000001, 10.75,...
4                [10]  ...  [10.950000000000001, 10.0, 10.0, 10.05, 10.8, ...
..                ...  ...                                                ...
436              [30]  ...  [30.0, 0.0, 0.0, 30.0, 30.0, 0.0, 0.0, 30.0, 3...
437              [30]  ...  [30.0, 0.0, 0.0, 30.0, 30.0, 0.0, 0.0, 30.0, 3...
438              [30]  ...  [30.0, 0.0, 0.0, 30.0, 30.0, 0.0, 0.0, 30.0, 3...
439              [30]  ...  [30.0, 0.0, 0.0, 30.0, 30.0, 0.0, 0.0, 30.0, 3...
440              [30]  ...  [30.0, 0.0, 0.0, 30.0, 30.0, 0.0, 0.0, 30.0, 3...

[441 rows x 10 columns]
TIME TAKEN 62814.58414411545
    RT Treatment Days  ...   List of Times to Reach Minimum Tumour Cell Count
0                [10]  ...  [19.400000000000002, 10.0, 10.350000000000001,...
1                [10]  ...  [10.05, 10.0, 10.0, 10.0, 10.05, 10.05, 10.0, ...
2                [10]  ...  [10.05, 10.0, 10.0, 10.600000000000001, 10.05,...
3                [10]  ...  [12.15, 10.0, 10.0, 10.3, 10.05, 10.05, 10.0, ...
4                [10]  ...  [10.05, 10.0, 10.0, 10.100000000000001, 10.05,...
..                ...  ...                                                ...
436              [30]  ...  [30.0, 0.0, 0.0, 30.0, 30.0, 0.0, 0.0, 30.0, 3...
437              [30]  ...  [30.0, 0.0, 0.0, 30.0, 30.0, 0.0, 0.0, 30.0, 3...
438              [30]  ...  [30.0, 0.0, 0.0, 30.0, 30.0, 0.0, 0.0, 30.0, 3...
439              [30]  ...  [30.0, 0.0, 0.0, 30.0, 30.0, 0.0, 0.0, 30.0, 3...
440              [30]  ...  [30.0, 0.0, 0.0, 30.0, 30.0, 0.0, 0.0, 30.0, 3...

[441 rows x 10 columns]
TIME TAKEN 63023.58164143562
    RT Treatment Days  ...   List of Times to Reach Minimum Tumour Cell Count
0                [10]  ...  [11.05, 10.0, 10.4, 10.3, 10.05, 10.4500000000...
1                [10]  ...  [10.05, 10.0, 10.0, 10.3, 10.05, 10.0, 10.0, 1...
2                [10]  ...  [10.05, 10.0, 10.0, 10.350000000000001, 10.05,...
3                [10]  ...  [10.05, 10.0, 10.0, 10.0, 10.0, 10.0, 10.0, 10...
4                [10]  ...  [11.100000000000001, 10.0, 10.0, 10.3, 10.05, ...
..                ...  ...                                                ...
436              [30]  ...  [30.0, 0.0, 0.0, 30.0, 30.0, 0.0, 0.0, 30.0, 3...
437              [30]  ...  [30.0, 0.0, 0.0, 30.0, 30.0, 0.0, 0.0, 30.0, 3...
438              [30]  ...  [30.0, 0.0, 0.0, 30.0, 30.0, 0.0, 0.0, 30.0, 3...
439              [30]  ...  [30.0, 0.0, 0.0, 30.0, 30.0, 0.0, 0.0, 30.0, 3...
440              [30]  ...  [30.0, 0.0, 0.0, 30.0, 30.0, 0.0, 0.0, 30.0, 3...

[441 rows x 10 columns]
TIME TAKEN 63059.53376817703
    RT Treatment Days  ...   List of Times to Reach Minimum Tumour Cell Count
0                [10]  ...  [10.0, 10.0, 10.350000000000001, 10.2000000000...
1                [10]  ...  [12.3, 10.0, 10.0, 10.75, 10.700000000000001, ...
2                [10]  ...  [10.05, 10.0, 10.0, 10.05, 11.350000000000001,...
3                [10]  ...  [15.850000000000001, 10.0, 10.0, 10.65, 10.05,...
4                [10]  ...  [10.450000000000001, 10.0, 10.0, 10.0, 10.05, ...
..                ...  ...                                                ...
436              [30]  ...  [30.0, 0.0, 0.0, 30.0, 30.0, 0.0, 0.0, 30.0, 3...
437              [30]  ...  [30.0, 0.0, 0.0, 30.0, 30.0, 0.0, 0.0, 30.0, 3...
438              [30]  ...  [30.0, 0.0, 0.0, 30.0, 30.0, 0.0, 0.0, 30.0, 3...
439              [30]  ...  [30.0, 0.0, 0.0, 30.0, 30.0, 0.0, 0.0, 30.0, 3...
440              [30]  ...  [30.0, 0.0, 0.0, 30.0, 30.0, 0.0, 0.0, 30.0, 3...

[441 rows x 10 columns]
TIME TAKEN 63818.13958287239
    RT Treatment Days  ...   List of Times to Reach Minimum Tumour Cell Count
0                [10]  ...  [10.0, 10.0, 10.3, 10.350000000000001, 11.3500...
1                [10]  ...  [10.05, 10.0, 10.0, 10.05, 10.05, 10.15, 10.0,...
2                [10]  ...  [10.05, 10.0, 10.0, 10.3, 10.05, 10.2000000000...
3                [10]  ...  [10.05, 10.0, 10.0, 10.4, 10.05, 10.1000000000...
4                [10]  ...  [10.05, 10.0, 10.0, 10.200000000000001, 10.05,...
..                ...  ...                                                ...
436              [30]  ...  [30.0, 0.0, 0.0, 30.0, 30.0, 0.0, 0.0, 30.0, 3...
437              [30]  ...  [30.0, 0.0, 0.0, 30.0, 30.0, 0.0, 0.0, 30.0, 3...
438              [30]  ...  [30.0, 0.0, 0.0, 30.0, 30.0, 0.0, 0.0, 30.0, 3...
439              [30]  ...  [30.0, 0.0, 0.0, 30.0, 30.0, 0.0, 0.0, 30.0, 3...
440              [30]  ...  [30.0, 0.0, 0.0, 30.0, 30.0, 0.0, 0.0, 30.0, 3...

[441 rows x 10 columns]
TIME TAKEN 63836.18384099007
    RT Treatment Days  ...   List of Times to Reach Minimum Tumour Cell Count
0                [10]  ...  [13.9, 10.0, 10.4, 10.5, 11.450000000000001, 1...
1                [10]  ...  [10.05, 10.0, 10.0, 10.05, 10.05, 10.0, 10.0, ...
2                [10]  ...  [23.650000000000002, 10.0, 10.0, 10.05, 10.05,...
3                [10]  ...  [14.350000000000001, 10.0, 10.0, 10.15, 10.05,...
4                [10]  ...  [10.5, 10.0, 10.0, 10.05, 10.05, 10.2000000000...
..                ...  ...                                                ...
436              [30]  ...  [30.0, 0.0, 0.0, 30.0, 30.0, 0.0, 0.0, 30.0, 3...
437              [30]  ...  [30.0, 0.0, 0.0, 30.0, 30.0, 0.0, 0.0, 30.0, 3...
438              [30]  ...  [30.0, 0.0, 0.0, 30.0, 30.0, 0.0, 0.0, 30.0, 3...
439              [30]  ...  [30.0, 0.0, 0.0, 30.0, 30.0, 0.0, 0.0, 30.0, 3...
440              [30]  ...  [30.0, 0.0, 0.0, 30.0, 30.0, 0.0, 0.0, 30.0, 3...

[441 rows x 10 columns]
TIME TAKEN 63848.14664530754
    RT Treatment Days  ...   List of Times to Reach Minimum Tumour Cell Count
0                [10]  ...  [10.350000000000001, 10.0, 10.350000000000001,...
1                [10]  ...  [10.05, 10.0, 10.0, 10.05, 10.05, 10.0, 10.0, ...
2                [10]  ...  [10.8, 10.0, 10.0, 10.4, 10.05, 10.4, 10.0, 10...
3                [10]  ...  [11.0, 10.0, 10.0, 10.05, 10.05, 10.1000000000...
4                [10]  ...  [10.350000000000001, 10.0, 10.0, 10.05, 11.0, ...
..                ...  ...                                                ...
436              [30]  ...  [30.0, 0.0, 0.0, 30.0, 30.0, 0.0, 0.0, 30.0, 3...
437              [30]  ...  [30.0, 0.0, 0.0, 30.0, 30.0, 0.0, 0.0, 30.0, 3...
438              [30]  ...  [30.0, 0.0, 0.0, 30.0, 30.0, 0.0, 0.0, 30.0, 3...
439              [30]  ...  [30.0, 0.0, 0.0, 30.0, 30.0, 0.0, 0.0, 30.0, 3...
440              [30]  ...  [30.0, 0.0, 0.0, 30.0, 30.0, 0.0, 0.0, 30.0, 3...

[441 rows x 10 columns]
TIME TAKEN 63903.29667377472
    RT Treatment Days  ...   List of Times to Reach Minimum Tumour Cell Count
0                [10]  ...  [10.4, 10.0, 10.4, 10.700000000000001, 10.05, ...
1                [10]  ...  [11.600000000000001, 10.0, 10.0, 10.05, 10.05,...
2                [10]  ...  [10.700000000000001, 10.0, 10.0, 10.05, 10.8, ...
3                [10]  ...  [10.05, 10.0, 10.0, 10.350000000000001, 10.05,...
4                [10]  ...  [22.55, 10.0, 10.0, 10.5, 10.3, 10.20000000000...
..                ...  ...                                                ...
436              [30]  ...  [30.0, 0.0, 0.0, 30.0, 30.0, 0.0, 0.0, 30.0, 3...
437              [30]  ...  [30.0, 0.0, 0.0, 30.0, 30.0, 0.0, 0.0, 30.0, 3...
438              [30]  ...  [30.0, 0.0, 0.0, 30.0, 30.0, 0.0, 0.0, 30.0, 3...
439              [30]  ...  [30.0, 0.0, 0.0, 30.0, 30.0, 0.0, 0.0, 30.0, 3...
440              [30]  ...  [30.0, 0.0, 0.0, 30.0, 30.0, 0.0, 0.0, 30.0, 3...

[441 rows x 10 columns]
TIME TAKEN 64028.391156196594
    RT Treatment Days  ...   List of Times to Reach Minimum Tumour Cell Count
0                [10]  ...  [10.75, 10.0, 10.350000000000001, 10.600000000...
1                [10]  ...  [11.4, 10.0, 10.0, 10.100000000000001, 11.6000...
2                [10]  ...  [13.15, 10.0, 10.0, 10.15, 10.450000000000001,...
3                [10]  ...  [12.100000000000001, 10.0, 10.0, 10.4, 10.65, ...
4                [10]  ...  [10.05, 10.0, 10.0, 10.3, 10.8, 10.0, 10.0, 10...
..                ...  ...                                                ...
436              [30]  ...  [30.0, 0.0, 0.0, 30.0, 30.0, 0.0, 0.0, 30.0, 3...
437              [30]  ...  [30.0, 0.0, 0.0, 30.0, 30.0, 0.0, 0.0, 30.0, 3...
438              [30]  ...  [30.0, 0.0, 0.0, 30.0, 30.0, 0.0, 0.0, 30.0, 3...
439              [30]  ...  [30.0, 0.0, 0.0, 30.0, 30.0, 0.0, 0.0, 30.0, 3...
440              [30]  ...  [30.0, 0.0, 0.0, 30.0, 30.0, 0.0, 0.0, 30.0, 3...

[441 rows x 10 columns]
TIME TAKEN 64108.84188628197
    RT Treatment Days  ...   List of Times to Reach Minimum Tumour Cell Count
0                [10]  ...  [13.600000000000001, 10.0, 10.350000000000001,...
1                [10]  ...  [10.100000000000001, 10.0, 10.0, 10.3, 10.25, ...
2                [10]  ...  [10.05, 10.0, 10.0, 10.0, 10.05, 10.25, 10.0, ...
3                [10]  ...  [10.05, 10.0, 10.0, 10.0, 11.350000000000001, ...
4                [10]  ...  [10.3, 10.0, 10.0, 10.200000000000001, 10.05, ...
..                ...  ...                                                ...
436              [30]  ...  [30.0, 0.0, 0.0, 30.0, 30.0, 0.0, 0.0, 30.0, 3...
437              [30]  ...  [30.0, 0.0, 0.0, 30.0, 30.0, 0.0, 0.0, 30.0, 3...
438              [30]  ...  [30.0, 0.0, 0.0, 30.0, 30.0, 0.0, 0.0, 30.0, 3...
439              [30]  ...  [30.0, 0.0, 0.0, 30.0, 30.0, 0.0, 0.0, 30.0, 3...
440              [30]  ...  [30.0, 0.0, 0.0, 30.0, 30.0, 0.0, 0.0, 30.0, 3...

[441 rows x 10 columns]
TIME TAKEN 66084.82145094872
    RT Treatment Days  ...   List of Times to Reach Minimum Tumour Cell Count
0                [10]  ...  [11.8, 10.0, 10.350000000000001, 10.6000000000...
1                [10]  ...  [19.6, 10.0, 10.0, 10.600000000000001, 10.05, ...
2                [10]  ...  [10.05, 10.0, 10.0, 10.05, 10.600000000000001,...
3                [10]  ...  [18.8, 10.0, 10.0, 10.3, 10.05, 10.10000000000...
4                [10]  ...  [12.700000000000001, 10.0, 10.0, 10.2000000000...
..                ...  ...                                                ...
436              [30]  ...  [30.0, 0.0, 0.0, 30.0, 30.0, 0.0, 0.0, 30.0, 3...
437              [30]  ...  [30.0, 0.0, 0.0, 30.0, 30.0, 0.0, 0.0, 30.0, 3...
438              [30]  ...  [30.0, 0.0, 0.0, 30.0, 30.0, 0.0, 0.0, 30.0, 3...
439              [30]  ...  [30.0, 0.0, 0.0, 30.0, 30.0, 0.0, 0.0, 30.0, 3...
440              [30]  ...  [30.0, 0.0, 0.0, 30.0, 30.0, 0.0, 0.0, 30.0, 3...

[441 rows x 10 columns]
TIME TAKEN 66092.95055007935
    RT Treatment Days  ...   List of Times to Reach Minimum Tumour Cell Count
0                [10]  ...  [10.600000000000001, 10.0, 10.4, 10.4, 10.05, ...
1                [10]  ...  [11.3, 10.0, 10.0, 10.15, 10.05, 10.1000000000...
2                [10]  ...  [17.8, 10.0, 10.0, 10.05, 10.15, 10.2000000000...
3                [10]  ...  [10.05, 10.0, 10.0, 10.0, 10.05, 10.0, 10.0, 1...
4                [10]  ...  [10.05, 10.0, 10.0, 10.05, 10.05, 10.25, 10.0,...
..                ...  ...                                                ...
436              [30]  ...  [30.0, 0.0, 0.0, 30.0, 30.0, 0.0, 0.0, 30.0, 3...
437              [30]  ...  [30.0, 0.0, 0.0, 30.0, 30.0, 0.0, 0.0, 30.0, 3...
438              [30]  ...  [30.0, 0.0, 0.0, 30.0, 30.0, 0.0, 0.0, 30.0, 3...
439              [30]  ...  [30.0, 0.0, 0.0, 30.0, 30.0, 0.0, 0.0, 30.0, 3...
440              [30]  ...  [30.0, 0.0, 0.0, 30.0, 30.0, 0.0, 0.0, 30.0, 3...

[441 rows x 10 columns]
TIME TAKEN 66109.00422215462
    RT Treatment Days  ...   List of Times to Reach Minimum Tumour Cell Count
0                [10]  ...  [10.0, 10.0, 10.350000000000001, 10.75, 10.05,...
1                [10]  ...  [10.05, 10.0, 10.0, 10.3, 10.05, 10.05, 10.0, ...
2                [10]  ...  [11.3, 10.0, 10.0, 10.600000000000001, 10.05, ...
3                [10]  ...  [11.75, 10.0, 10.0, 10.0, 10.05, 10.3, 10.0, 1...
4                [10]  ...  [10.05, 10.0, 10.0, 10.05, 11.05, 10.25, 10.0,...
..                ...  ...                                                ...
436              [30]  ...  [30.0, 0.0, 0.0, 30.0, 30.0, 0.0, 0.0, 30.0, 3...
437              [30]  ...  [30.0, 0.0, 0.0, 30.0, 30.0, 0.0, 0.0, 30.0, 3...
438              [30]  ...  [30.0, 0.0, 0.0, 30.0, 30.0, 0.0, 0.0, 30.0, 3...
439              [30]  ...  [30.0, 0.0, 0.0, 30.0, 30.0, 0.0, 0.0, 30.0, 3...
440              [30]  ...  [30.0, 0.0, 0.0, 30.0, 30.0, 0.0, 0.0, 30.0, 3...

[441 rows x 10 columns]
TIME TAKEN 66138.21470856667
    RT Treatment Days  ...   List of Times to Reach Minimum Tumour Cell Count
0                [10]  ...  [14.8, 10.0, 10.3, 10.25, 11.05, 10.5, 10.15, ...
1                [10]  ...  [12.55, 10.0, 10.0, 11.65, 10.05, 10.100000000...
2                [10]  ...  [10.05, 10.0, 10.0, 10.05, 12.3, 10.15, 10.0, ...
3                [10]  ...  [12.9, 10.0, 10.0, 10.850000000000001, 10.5, 1...
4                [10]  ...  [10.600000000000001, 10.0, 10.0, 10.5, 10.05, ...
..                ...  ...                                                ...
436              [30]  ...  [30.0, 0.0, 0.0, 30.0, 30.0, 0.0, 0.0, 30.0, 3...
437              [30]  ...  [30.0, 0.0, 0.0, 30.0, 30.0, 0.0, 0.0, 30.0, 3...
438              [30]  ...  [30.0, 0.0, 0.0, 30.0, 30.0, 0.0, 0.0, 30.0, 3...
439              [30]  ...  [30.0, 0.0, 0.0, 30.0, 30.0, 0.0, 0.0, 30.0, 3...
440              [30]  ...  [30.0, 0.0, 0.0, 30.0, 30.0, 0.0, 0.0, 30.0, 3...

[441 rows x 10 columns]
TIME TAKEN 66322.67740654945
    RT Treatment Days  ...   List of Times to Reach Minimum Tumour Cell Count
0                [10]  ...  [12.100000000000001, 10.0, 10.350000000000001,...
1                [10]  ...  [20.950000000000003, 10.0, 10.0, 10.0, 10.05, ...
2                [10]  ...  [12.5, 10.0, 10.0, 10.350000000000001, 10.6000...
3                [10]  ...  [10.05, 10.0, 10.0, 10.15, 10.05, 10.100000000...
4                [10]  ...  [10.05, 10.0, 10.0, 10.05, 11.5, 10.4, 10.0, 1...
..                ...  ...                                                ...
436              [30]  ...  [30.0, 0.0, 0.0, 30.0, 30.0, 0.0, 0.0, 30.0, 3...
437              [30]  ...  [30.0, 0.0, 0.0, 30.0, 30.0, 0.0, 0.0, 30.0, 3...
438              [30]  ...  [30.0, 0.0, 0.0, 30.0, 30.0, 0.0, 0.0, 30.0, 3...
439              [30]  ...  [30.0, 0.0, 0.0, 30.0, 30.0, 0.0, 0.0, 30.0, 3...
440              [30]  ...  [30.0, 0.0, 0.0, 30.0, 30.0, 0.0, 0.0, 30.0, 3...

[441 rows x 10 columns]
TIME TAKEN 66439.28415322304
